[Wed, 19 Feb 2020 15:31:22] Connexion réussie : ecadic(IP = ::1) avec mot de passe = 6u8dc
[Wed, 19 Feb 2020 16:44:13] Connexion réussie : mathorel(IP = ::1) avec mot de passe = mathorel
[Wed, 19 Feb 2020 16:44:16] Déconnexion de : Louis Mathorel (IP = ::1
[Wed, 19 Feb 2020 16:44:25] Connexion réussie : lvillachane(IP = ::1) avec mot de passe = jux7g
[Wed, 19 Feb 2020 17:32:33] Déconnexion de : Louis Villechalane (IP = ::1
[Wed, 19 Feb 2020 17:32:39] Connexion réussie : mathorel(IP = ::1) avec mot de passe = mathorel
[Wed, 19 Feb 2020 17:33:19] Déconnexion de : Louis Mathorel (IP = ::1
[Wed, 19 Feb 2020 17:35:45] Connexion réussie : pde(IP = ::1) avec mot de passe = gk9kx
[Wed, 19 Feb 2020 17:37:14] Déconnexion de : Philippe De (IP = ::1
[Wed, 19 Feb 2020 17:37:21] Connexion réussie : ecadic(IP = ::1) avec mot de passe = 6u8dc
[Wed, 19 Feb 2020 17:46:29] Déconnexion de : Eric Cadic (IP = ::1
[Wed, 19 Feb 2020 17:46:37] Connexion réussie : ecadic(IP = ::1) avec mot de passe = 6u8dc
[Wed, 19 Feb 2020 21:49:26] Connexion réussie : mathorel(IP = ::1) avec mot de passe = mathorel
[Wed, 19 Feb 2020 21:49:36] Erreur ("La validation a été effectuée !") de Louis Mathorel (IP = ::1
[Wed, 19 Feb 2020 21:50:39] Erreur ("La validation a été effectuée !") de Louis Mathorel (IP = ::1
[Wed, 19 Feb 2020 21:52:47] Erreur ("La validation a été effectuée !") de Louis Mathorel (IP = ::1
[Wed, 19 Feb 2020 21:53:00] Erreur ("La validation a été effectuée !") de Louis Mathorel (IP = ::1
[Thu, 20 Feb 2020 06:10:30] Connexion réussie : ecadic(IP = ::1) avec mot de passe = 6u8dc
[Thu, 20 Feb 2020 10:42:52] Connexion réussie : ecadic(IP = ::1) avec mot de passe = 6u8dc
[Thu, 20 Feb 2020 11:04:37] Déconnexion de : Eric Cadic (IP = ::1
[Thu, 20 Feb 2020 11:04:43] Connexion réussie : mathorel(IP = ::1) avec mot de passe = mathorel
[Thu, 20 Feb 2020 11:20:17] Erreur ("La modification des frais forfaitisés à été prise en compte ! ") de Louis Mathorel (IP = ::1
[Thu, 20 Feb 2020 11:20:22] Erreur ("La modification demandée a été effectuée pour 'Location véhicule' (100€) à la date du 08/12/2019") de Louis Mathorel (IP = ::1
[Thu, 20 Feb 2020 11:20:27] Erreur ("La modification demandée a été effectuée pour 'Achat de matériel de papèterie' (200€) à la date du 14/12/2019") de Louis Mathorel (IP = ::1
[Thu, 20 Feb 2020 11:20:31] forfait hors KM = 2150.00
[Thu, 20 Feb 2020 11:20:31] forfait avec KM = 2150
[Thu, 20 Feb 2020 11:20:31] frais HF =300
[Thu, 20 Feb 2020 11:20:31] Total des frais : 2450
[Thu, 20 Feb 2020 11:20:31] Erreur ("La validation a été effectuée !") de Louis Mathorel (IP = ::1
[Thu, 20 Feb 2020 11:20:58] Déconnexion de : Louis Mathorel (IP = ::1
[Thu, 20 Feb 2020 11:21:05] Connexion réussie : ecadic(IP = ::1) avec mot de passe = 6u8dc
[Thu, 20 Feb 2020 11:29:32] Déconnexion de : Eric Cadic (IP = ::1
[Thu, 20 Feb 2020 11:29:38] Connexion réussie : mathorel(IP = ::1) avec mot de passe = mathorel
[Thu, 20 Feb 2020 11:30:42] forfait hors KM = 2150.00
[Thu, 20 Feb 2020 11:30:42] remboursement KM = 
[Thu, 20 Feb 2020 11:30:42] forfait avec KM = 2150
[Thu, 20 Feb 2020 11:30:42] frais HF =300
[Thu, 20 Feb 2020 11:30:42] Total des frais : 2450
[Thu, 20 Feb 2020 11:30:42] Erreur ("La validation a été effectuée !") de Louis Mathorel (IP = ::1
[Thu, 20 Feb 2020 11:59:34] forfait hors KM = 2150.00
[Thu, 20 Feb 2020 11:59:34] remboursement KM = 
[Thu, 20 Feb 2020 11:59:34] forfait avec KM = 2150
[Thu, 20 Feb 2020 11:59:34] frais HF =300
[Thu, 20 Feb 2020 11:59:34] Total des frais : 2450
[Thu, 20 Feb 2020 11:59:34] Erreur ("La validation a été effectuée !") de Louis Mathorel (IP = ::1
[Thu, 20 Feb 2020 12:01:04] Déconnexion de : Louis Mathorel (IP = ::1
[Thu, 20 Feb 2020 12:02:33] Connexion réussie : mathorel(IP = ::1) avec mot de passe = mathorel
[Thu, 20 Feb 2020 12:02:43] forfait hors KM = 2150.00
[Thu, 20 Feb 2020 12:02:43] retour SQL = 
[Thu, 20 Feb 2020 12:02:43] remboursement KM = 
[Thu, 20 Feb 2020 12:02:43] forfait avec KM = 2150
[Thu, 20 Feb 2020 12:02:43] frais HF =300
[Thu, 20 Feb 2020 12:02:43] Total des frais : 2450
[Thu, 20 Feb 2020 12:02:43] Info ("La validation a été effectuée !") de Louis Mathorel (IP = ::1
[Thu, 20 Feb 2020 12:06:03] forfait hors KM = 2150.00
[Thu, 20 Feb 2020 12:06:35] forfait hors KM = 2150.00
[Thu, 20 Feb 2020 12:06:35] retour SQL = 
[Thu, 20 Feb 2020 12:06:35] remboursement KM = 6.20
[Thu, 20 Feb 2020 12:06:35] forfait avec KM = 2156.2
[Thu, 20 Feb 2020 12:06:35] frais HF =300
[Thu, 20 Feb 2020 12:06:35] Total des frais : 2456.2
[Thu, 20 Feb 2020 12:06:35] Info ("La validation a été effectuée !") de Louis Mathorel (IP = ::1
[Thu, 20 Feb 2020 12:07:10] Déconnexion de : Louis Mathorel (IP = ::1
[Thu, 20 Feb 2020 12:07:19] Connexion réussie : ecadic(IP = ::1) avec mot de passe = 6u8dc
[Thu, 20 Feb 2020 13:35:34] Déconnexion de : Eric Cadic (IP = ::1
[Thu, 20 Feb 2020 13:35:43] Connexion réussie : mathorel(IP = ::1) avec mot de passe = mathorel
[Thu, 20 Feb 2020 13:35:52] forfait hors KM = 2150.00
[Thu, 20 Feb 2020 13:35:52] retour SQL = 
[Thu, 20 Feb 2020 13:35:52] remboursement KM = 6.20
[Thu, 20 Feb 2020 13:35:52] forfait avec KM = 2156.2
[Thu, 20 Feb 2020 13:35:52] frais HF =300
[Thu, 20 Feb 2020 13:35:52] Total des frais : 2456.2
[Thu, 20 Feb 2020 13:35:52] Info ("La validation a été effectuée !") de Louis Mathorel (IP = ::1
[Thu, 20 Feb 2020 13:36:26] Déconnexion de : Louis Mathorel (IP = ::1
[Thu, 20 Feb 2020 13:36:34] Connexion réussie : ecadic(IP = ::1) avec mot de passe = 6u8dc
[Thu, 20 Feb 2020 13:36:39] Déconnexion de : Eric Cadic (IP = ::1
[Thu, 20 Feb 2020 13:36:43] Connexion réussie : mathorel(IP = ::1) avec mot de passe = mathorel
[Thu, 20 Feb 2020 13:36:53] forfait hors KM = 2150.00
[Thu, 20 Feb 2020 13:36:53] retour SQL = 
[Thu, 20 Feb 2020 13:36:53] remboursement KM = 6.20
[Thu, 20 Feb 2020 13:36:53] forfait avec KM = 2156.2
[Thu, 20 Feb 2020 13:36:53] frais HF =300
[Thu, 20 Feb 2020 13:36:53] Total des frais : 2456.2
[Thu, 20 Feb 2020 13:36:53] Info ("La validation a été effectuée !") de Louis Mathorel (IP = ::1
[Thu, 20 Feb 2020 13:37:04] Déconnexion de : Louis Mathorel (IP = ::1
[Thu, 20 Feb 2020 13:37:37] Connexion réussie : mathorel(IP = ::1) avec mot de passe = mathorel
[Thu, 20 Feb 2020 13:37:45] forfait hors KM = 2150.00
[Thu, 20 Feb 2020 13:37:45] retour SQL = 
[Thu, 20 Feb 2020 13:37:45] remboursement KM = 
[Thu, 20 Feb 2020 13:37:45] forfait avec KM = 2150
[Thu, 20 Feb 2020 13:37:45] frais HF =300
[Thu, 20 Feb 2020 13:37:45] Total des frais : 2450
[Thu, 20 Feb 2020 13:37:45] Info ("La validation a été effectuée !") de Louis Mathorel (IP = ::1
[Thu, 20 Feb 2020 13:41:01] forfait hors KM = 2150.00
[Thu, 20 Feb 2020 13:41:01] retour SQL = 
[Thu, 20 Feb 2020 13:41:01] remboursement KM = 6.20
[Thu, 20 Feb 2020 13:41:01] forfait avec KM = 2156.2
[Thu, 20 Feb 2020 13:41:01] frais HF =300
[Thu, 20 Feb 2020 13:41:01] Total des frais : 2456.2
[Thu, 20 Feb 2020 13:41:01] Info ("La validation a été effectuée !") de Louis Mathorel (IP = ::1
[Thu, 20 Feb 2020 14:10:40] Connexion réussie : mathorel(IP = ::1) avec mot de passe = mathorel
[Thu, 20 Feb 2020 14:11:20] forfait hors KM = 1960.00
[Thu, 20 Feb 2020 14:11:20] retour SQL = 
[Thu, 20 Feb 2020 14:11:20] remboursement KM = 230.84
[Thu, 20 Feb 2020 14:11:20] forfait avec KM = 2190.84
[Thu, 20 Feb 2020 14:11:20] frais HF =1035
[Thu, 20 Feb 2020 14:11:20] Total des frais : 3225.84
[Thu, 20 Feb 2020 14:11:20] Info ("La validation a été effectuée !") de Louis Mathorel (IP = ::1
[Thu, 20 Feb 2020 14:48:48] Déconnexion de : Louis Mathorel (IP = ::1
[Thu, 20 Feb 2020 18:54:08] Connexion réussie : mathorel(IP = ::1) avec mot de passe = mathorel
[Thu, 20 Feb 2020 18:54:33] Connexion réussie : mathorel(IP = ::1) avec mot de passe = mathorel
[Thu, 20 Feb 2020 20:26:39] Connexion réussie : mathorel(IP = ::1) avec mot de passe = mathorel
[Fri, 21 Feb 2020 06:16:36] Connexion réussie : mathorel(IP = ::1) avec mot de passe = mathorel
[Fri, 21 Feb 2020 06:16:55] Déconnexion de : Louis Mathorel (IP = ::1
[Fri, 21 Feb 2020 06:17:47] Connexion réussie : mathorel(IP = ::1) avec mot de passe = mathorel
[Fri, 21 Feb 2020 06:21:18] Connexion réussie : mathorel(IP = ::1) avec mot de passe = mathorel
[Fri, 21 Feb 2020 06:28:11] Connexion réussie : mathorel(IP = ::1) avec mot de passe = mathorel
[Fri, 21 Feb 2020 06:45:24] Déconnexion de : Louis Mathorel (IP = ::1
[Fri, 21 Feb 2020 06:45:32] Connexion réussie : ecadic(IP = ::1) avec mot de passe = 6u8dc
[Fri, 21 Feb 2020 18:04:33] Connexion réussie : mathorel(IP = ::1) avec mot de passe = mathorel
[Sat, 22 Feb 2020 15:45:44] Connexion réussie : mathorel(IP = ::1) avec mot de passe = mathorel
[Sat, 22 Feb 2020 16:21:48] Info ("La modification demandée a été effectuée pour 'REFUSE : Achat de matériel de papèterie' (22€) à la date du 02/01/2020") de Louis Mathorel (IP = ::1
[Sat, 22 Feb 2020 16:28:07] Connexion réussie : mathorel(IP = ::1) avec mot de passe = mathorel
[Sat, 22 Feb 2020 18:20:07] Déconnexion de : Louis Mathorel (IP = ::1)
[Sat, 22 Feb 2020 18:20:20] Connexion réussie : ecadic(IP = ::1) avec mot de passe = 6u8dc
[Sat, 22 Feb 2020 18:21:42] Déconnexion de : Eric Cadic (IP = ::1)
[Sat, 22 Feb 2020 18:21:49] Connexion réussie : ecadic(IP = ::1) avec mot de passe = 6u8dc
[Sat, 22 Feb 2020 18:22:19] Déconnexion de : Eric Cadic (IP = ::1)
[Sat, 22 Feb 2020 18:22:26] Connexion réussie : mathorel(IP = ::1) avec mot de passe = mathorel
[Sat, 22 Feb 2020 19:45:58] Déconnexion de : Louis Mathorel (IP = ::1)
[Sat, 22 Feb 2020 19:46:07] Connexion réussie : ecadic(IP = ::1) avec mot de passe = 6u8dc
